<?xml version="1.0" encoding="UTF-8"?>
<!-- Generated by org.testng.reporters.JUnitXMLReporter -->
<testsuite ignored="1" hostname="DESKTOP-8JDMI1P" failures="0" tests="3" name="Default test" time="0.09" errors="0" timestamp="2024-07-19T21:11:39 IST">
  <testcase classname="Testng.Practice.Day7HelperATT" name="B" time="0.015"/>
  <testcase classname="Testng.Practice.Day7HelperATT" name="Helper" time="0.002"/>
  <testcase classname="Testng.Practice.Day7HelperATT" name="AHelperAt" time="0.003"/>
  <testcase classname="Testng.Practice.Day7HelperATT" name="Enablechk" time="0.0">
    <ignored/>
  </testcase> <!-- Enablechk -->
</testsuite> <!-- Default test -->
