<?xml version="1.0" encoding="UTF-8"?>
<!-- Generated by org.testng.reporters.JUnitXMLReporter -->
<testsuite ignored="3" hostname="DESKTOP-8JDMI1P" failures="0" tests="2" name="Car Loan" time="0.028" errors="0" timestamp="2024-07-19T19:37:23 IST">
  <testcase classname="Testng.Practice.Day3" name="LAPLogin" time="0.003"/>
  <testcase classname="Testng.Practice.Day3" name="LAPStatus" time="0.008"/>
  <testcase classname="Testng.Practice.Day3" name="GoldLoanLogin" time="0.0">
    <ignored/>
  </testcase> <!-- GoldLoanLogin -->
  <testcase classname="Testng.Practice.Day3" name="GoldLoanPayment" time="0.0">
    <ignored/>
  </testcase> <!-- GoldLoanPayment -->
  <testcase classname="Testng.Practice.Day3" name="GoldLoanStatus" time="0.0">
    <ignored/>
  </testcase> <!-- GoldLoanStatus -->
</testsuite> <!-- Car Loan -->
