<?xml version="1.0" encoding="UTF-8"?>
<!-- Generated by org.testng.reporters.JUnitXMLReporter -->
<testsuite ignored="2" hostname="DESKTOP-8JDMI1P" failures="0" tests="1" name="Personal Laon" time="0.029" errors="0" timestamp="2024-07-19T19:37:23 IST">
  <testcase classname="Testng.Practice.Day4" name="EducationLoan" time="0.005"/>
  <testcase classname="Testng.Practice.Day4" name="PersonalLoanLogin" time="0.0">
    <ignored/>
  </testcase> <!-- PersonalLoanLogin -->
  <testcase classname="Testng.Practice.Day4" name="PersonalLoanStatus" time="0.0">
    <ignored/>
  </testcase> <!-- PersonalLoanStatus -->
</testsuite> <!-- Personal Laon -->
