<?xml version="1.0" encoding="UTF-8"?>
<!-- Generated by org.testng.reporters.JUnitXMLReporter -->
<testsuite ignored="7" hostname="DESKTOP-8JDMI1P" failures="0" tests="2" name="Test" time="0.101" errors="0" timestamp="2024-07-19T20:41:55 IST">
  <testcase classname="Testng.Practice.Day1" name="HomeloanPayment" time="0.015"/>
  <testcase classname="Testng.Practice.Day7" name="GroupTesting" time="0.003"/>
  <testcase classname="Testng.Practice.Day1" name="HomeLoanStatus" time="0.0">
    <ignored/>
  </testcase> <!-- HomeLoanStatus -->
  <testcase classname="Testng.Practice.Day7" name="Beforecls" time="0.0">
    <ignored/>
  </testcase> <!-- Beforecls -->
  <testcase classname="Testng.Practice.Day1" name="HomeLoanLogin" time="0.0">
    <ignored/>
  </testcase> <!-- HomeLoanLogin -->
  <testcase classname="Testng.Practice.Day2" name="CarLoanLoign" time="0.0">
    <ignored/>
  </testcase> <!-- CarLoanLoign -->
  <testcase classname="Testng.Practice.Day2" name="CarLoanPayment" time="0.0">
    <ignored/>
  </testcase> <!-- CarLoanPayment -->
  <testcase classname="Testng.Practice.Day7" name="Beforeclasschk" time="0.0">
    <ignored/>
  </testcase> <!-- Beforeclasschk -->
  <testcase classname="Testng.Practice.Day2" name="CarLoanStatus" time="0.0">
    <ignored/>
  </testcase> <!-- CarLoanStatus -->
</testsuite> <!-- Test -->
