<?xml version="1.0" encoding="UTF-8"?>
<testng-results ignored="1" total="4" passed="3" failed="0" skipped="0">
  <reporter-output>
  </reporter-output>
  <suite started-at="2024-07-19T21:11:39 IST" name="Default suite" finished-at="2024-07-19T21:11:39 IST" duration-ms="90">
    <groups>
    </groups>
    <test started-at="2024-07-19T21:11:39 IST" name="Default test" finished-at="2024-07-19T21:11:39 IST" duration-ms="90">
      <class name="Testng.Practice.Day7HelperATT">
        <test-method signature="B()[pri:0, instance:Testng.Practice.Day7HelperATT@1cbb87f3]" started-at="2024-07-19T21:11:39 IST" name="B" finished-at="2024-07-19T21:11:39 IST" duration-ms="15" status="PASS">
          <reporter-output>
          </reporter-output>
        </test-method> <!-- B -->
        <test-method signature="Helper()[pri:0, instance:Testng.Practice.Day7HelperATT@1cbb87f3]" started-at="2024-07-19T21:11:39 IST" name="Helper" finished-at="2024-07-19T21:11:39 IST" duration-ms="2" status="PASS">
          <reporter-output>
          </reporter-output>
        </test-method> <!-- Helper -->
        <test-method signature="AHelperAt()[pri:0, instance:Testng.Practice.Day7HelperATT@1cbb87f3]" started-at="2024-07-19T21:11:39 IST" name="AHelperAt" finished-at="2024-07-19T21:11:39 IST" depends-on-methods="Testng.Practice.Day7HelperATT.Helper, Testng.Practice.Day7HelperATT.B" duration-ms="3" status="PASS">
          <reporter-output>
          </reporter-output>
        </test-method> <!-- AHelperAt -->
      </class> <!-- Testng.Practice.Day7HelperATT -->
    </test> <!-- Default test -->
  </suite> <!-- Default suite -->
</testng-results>
